<?xml version="1.0" encoding="UTF-8"?>
<!-- Generated by org.testng.reporters.JUnitXMLReporter -->
<testsuite hostname="LAPTOP-KT39S7D0" ignored="0" name="Test Automation Suite Test Cases" tests="1" failures="0" timestamp="2020-11-01T14:10:45 EST" time="0.054" errors="0">
  <testcase name="@BeforeMethod setUp" time="0.006" classname="com.ap.qa.testcases.ContactusTest">
    <failure type="java.lang.NullPointerException">
      <![CDATA[java.lang.NullPointerException
at com.ap.qa.base.TestBase.initialization(TestBase.java:35)
at com.ap.qa.testcases.ContactusTest.setUp(ContactusTest.java:29)
at java.util.ArrayList.forEach(Unknown Source)
... Removed 31 stack frames]]>
    </failure>
  </testcase> <!-- @BeforeMethod setUp -->
  <testcase name="@AfterMethod tearDown" time="-1.604257845283E9" classname="com.ap.qa.testcases.ContactusTest">
    <skipped/>
  </testcase> <!-- @AfterMethod tearDown -->
  <testcase name="testContact" time="0.0" classname="com.ap.qa.testcases.ContactusTest">
    <skipped/>
  </testcase> <!-- testContact -->
</testsuite> <!-- Test Automation Suite Test Cases -->
